0 verbose cli C:\Program Files\nodejs\node.exe C:\Program Files\nodejs\node_modules\npm\bin\npm-cli.js
1 info using npm@10.9.4
2 info using node@v22.21.1
3 silly config load:file:C:\Program Files\nodejs\node_modules\npm\npmrc
4 silly config load:file:C:\xampp\htdocs\Montanha de Aço\.npmrc
5 silly config load:file:C:\Users\felipe.goncalves\.npmrc
6 silly config load:file:C:\Users\felipe.goncalves\AppData\Roaming\npm\etc\npmrc
7 verbose title npm install
8 verbose argv "install" "--cache" ".npm-cache"
9 verbose logfile logs-max:10 dir:C:\xampp\htdocs\Montanha de Aço\.npm-cache\_logs\2026-03-23T13_04_20_925Z-
10 verbose logfile C:\xampp\htdocs\Montanha de Aço\.npm-cache\_logs\2026-03-23T13_04_20_925Z-debug-0.log
11 silly logfile done cleaning log files
12 silly packumentCache heap:4345298944 maxSize:1086324736 maxEntrySize:543162368
13 silly idealTree buildDeps
14 silly fetch manifest @types/node@^24.3.0
15 silly packumentCache full:https://registry.npmjs.org/@types%2fnode cache-miss
16 http cache https://registry.npmjs.org/@types%2fnode 93ms (cache hit)
17 silly packumentCache full:https://registry.npmjs.org/@types%2fnode set size:10939971 disposed:false
18 silly placeDep ROOT @types/node@24.12.0 OK for: montanha-de-aco@1.0.0 want: ^24.3.0
19 silly fetch manifest undici-types@~7.16.0
20 silly packumentCache full:https://registry.npmjs.org/undici-types cache-miss
21 http fetch GET 200 https://registry.npmjs.org/undici-types 170ms (cache miss)
22 silly packumentCache full:https://registry.npmjs.org/undici-types set size:undefined disposed:false
23 silly placeDep ROOT undici-types@7.16.0 OK for: @types/node@24.12.0 want: ~7.16.0
24 silly reify moves {}
25 silly audit bulk request {
25 silly audit   '@alloc/quick-lru': [ '5.2.0' ],
25 silly audit   '@babel/code-frame': [ '7.29.0' ],
25 silly audit   '@babel/compat-data': [ '7.29.0' ],
25 silly audit   '@babel/core': [ '7.29.0' ],
25 silly audit   '@babel/generator': [ '7.29.1' ],
25 silly audit   '@babel/helper-compilation-targets': [ '7.28.6' ],
25 silly audit   '@babel/helper-globals': [ '7.28.0' ],
25 silly audit   '@babel/helper-module-imports': [ '7.28.6' ],
25 silly audit   '@babel/helper-module-transforms': [ '7.28.6' ],
25 silly audit   '@babel/helper-plugin-utils': [ '7.28.6' ],
25 silly audit   '@babel/helper-string-parser': [ '7.27.1' ],
25 silly audit   '@babel/helper-validator-identifier': [ '7.28.5' ],
25 silly audit   '@babel/helper-validator-option': [ '7.27.1' ],
25 silly audit   '@babel/helpers': [ '7.29.2' ],
25 silly audit   '@babel/parser': [ '7.29.2' ],
25 silly audit   '@babel/plugin-transform-react-jsx-self': [ '7.27.1' ],
25 silly audit   '@babel/plugin-transform-react-jsx-source': [ '7.27.1' ],
25 silly audit   '@babel/template': [ '7.28.6' ],
25 silly audit   '@babel/traverse': [ '7.29.0' ],
25 silly audit   '@babel/types': [ '7.29.0' ],
25 silly audit   '@esbuild/aix-ppc64': [ '0.27.4' ],
25 silly audit   '@esbuild/android-arm': [ '0.27.4' ],
25 silly audit   '@esbuild/android-arm64': [ '0.27.4' ],
25 silly audit   '@esbuild/android-x64': [ '0.27.4' ],
25 silly audit   '@esbuild/darwin-arm64': [ '0.27.4' ],
25 silly audit   '@esbuild/darwin-x64': [ '0.27.4' ],
25 silly audit   '@esbuild/freebsd-arm64': [ '0.27.4' ],
25 silly audit   '@esbuild/freebsd-x64': [ '0.27.4' ],
25 silly audit   '@esbuild/linux-arm': [ '0.27.4' ],
25 silly audit   '@esbuild/linux-arm64': [ '0.27.4' ],
25 silly audit   '@esbuild/linux-ia32': [ '0.27.4' ],
25 silly audit   '@esbuild/linux-loong64': [ '0.27.4' ],
25 silly audit   '@esbuild/linux-mips64el': [ '0.27.4' ],
25 silly audit   '@esbuild/linux-ppc64': [ '0.27.4' ],
25 silly audit   '@esbuild/linux-riscv64': [ '0.27.4' ],
25 silly audit   '@esbuild/linux-s390x': [ '0.27.4' ],
25 silly audit   '@esbuild/linux-x64': [ '0.27.4' ],
25 silly audit   '@esbuild/netbsd-arm64': [ '0.27.4' ],
25 silly audit   '@esbuild/netbsd-x64': [ '0.27.4' ],
25 silly audit   '@esbuild/openbsd-arm64': [ '0.27.4' ],
25 silly audit   '@esbuild/openbsd-x64': [ '0.27.4' ],
25 silly audit   '@esbuild/openharmony-arm64': [ '0.27.4' ],
25 silly audit   '@esbuild/sunos-x64': [ '0.27.4' ],
25 silly audit   '@esbuild/win32-arm64': [ '0.27.4' ],
25 silly audit   '@esbuild/win32-ia32': [ '0.27.4' ],
25 silly audit   '@esbuild/win32-x64': [ '0.27.4' ],
25 silly audit   '@jridgewell/gen-mapping': [ '0.3.13' ],
25 silly audit   '@jridgewell/remapping': [ '2.3.5' ],
25 silly audit   '@jridgewell/resolve-uri': [ '3.1.2' ],
25 silly audit   '@jridgewell/sourcemap-codec': [ '1.5.5' ],
25 silly audit   '@jridgewell/trace-mapping': [ '0.3.31' ],
25 silly audit   '@nodelib/fs.scandir': [ '2.1.5' ],
25 silly audit   '@nodelib/fs.stat': [ '2.0.5' ],
25 silly audit   '@nodelib/fs.walk': [ '1.2.8' ],
25 silly audit   '@rolldown/pluginutils': [ '1.0.0-rc.3' ],
25 silly audit   '@rollup/rollup-android-arm-eabi': [ '4.60.0' ],
25 silly audit   '@rollup/rollup-android-arm64': [ '4.60.0' ],
25 silly audit   '@rollup/rollup-darwin-arm64': [ '4.60.0' ],
25 silly audit   '@rollup/rollup-darwin-x64': [ '4.60.0' ],
25 silly audit   '@rollup/rollup-freebsd-arm64': [ '4.60.0' ],
25 silly audit   '@rollup/rollup-freebsd-x64': [ '4.60.0' ],
25 silly audit   '@rollup/rollup-linux-arm-gnueabihf': [ '4.60.0' ],
25 silly audit   '@rollup/rollup-linux-arm-musleabihf': [ '4.60.0' ],
25 silly audit   '@rollup/rollup-linux-arm64-gnu': [ '4.60.0' ],
25 silly audit   '@rollup/rollup-linux-arm64-musl': [ '4.60.0' ],
25 silly audit   '@rollup/rollup-linux-loong64-gnu': [ '4.60.0' ],
25 silly audit   '@rollup/rollup-linux-loong64-musl': [ '4.60.0' ],
25 silly audit   '@rollup/rollup-linux-ppc64-gnu': [ '4.60.0' ],
25 silly audit   '@rollup/rollup-linux-ppc64-musl': [ '4.60.0' ],
25 silly audit   '@rollup/rollup-linux-riscv64-gnu': [ '4.60.0' ],
25 silly audit   '@rollup/rollup-linux-riscv64-musl': [ '4.60.0' ],
25 silly audit   '@rollup/rollup-linux-s390x-gnu': [ '4.60.0' ],
25 silly audit   '@rollup/rollup-linux-x64-gnu': [ '4.60.0' ],
25 silly audit   '@rollup/rollup-linux-x64-musl': [ '4.60.0' ],
25 silly audit   '@rollup/rollup-openbsd-x64': [ '4.60.0' ],
25 silly audit   '@rollup/rollup-openharmony-arm64': [ '4.60.0' ],
25 silly audit   '@rollup/rollup-win32-arm64-msvc': [ '4.60.0' ],
25 silly audit   '@rollup/rollup-win32-ia32-msvc': [ '4.60.0' ],
25 silly audit   '@rollup/rollup-win32-x64-gnu': [ '4.60.0' ],
25 silly audit   '@rollup/rollup-win32-x64-msvc': [ '4.60.0' ],
25 silly audit   '@types/babel__core': [ '7.20.5' ],
25 silly audit   '@types/babel__generator': [ '7.27.0' ],
25 silly audit   '@types/babel__template': [ '7.4.4' ],
25 silly audit   '@types/babel__traverse': [ '7.28.0' ],
25 silly audit   '@types/estree': [ '1.0.8' ],
25 silly audit   '@types/react': [ '19.2.14' ],
25 silly audit   '@types/react-dom': [ '19.2.3' ],
25 silly audit   '@vitejs/plugin-react': [ '5.2.0' ],
25 silly audit   'any-promise': [ '1.3.0' ],
25 silly audit   anymatch: [ '3.1.3' ],
25 silly audit   arg: [ '5.0.2' ],
25 silly audit   autoprefixer: [ '10.4.27' ],
25 silly audit   'baseline-browser-mapping': [ '2.10.10' ],
25 silly audit   'binary-extensions': [ '2.3.0' ],
25 silly audit   braces: [ '3.0.3' ],
25 silly audit   browserslist: [ '4.28.1' ],
25 silly audit   'camelcase-css': [ '2.0.1' ],
25 silly audit   'caniuse-lite': [ '1.0.30001781' ],
25 silly audit   chokidar: [ '3.6.0' ],
25 silly audit   'glob-parent': [ '5.1.2', '6.0.2' ],
25 silly audit   commander: [ '4.1.1' ],
25 silly audit   'convert-source-map': [ '2.0.0' ],
25 silly audit   cssesc: [ '3.0.0' ],
25 silly audit   csstype: [ '3.2.3' ],
25 silly audit   debug: [ '4.4.3' ],
25 silly audit   didyoumean: [ '1.2.2' ],
25 silly audit   dlv: [ '1.1.3' ],
25 silly audit   'electron-to-chromium': [ '1.5.321' ],
25 silly audit   esbuild: [ '0.27.4' ],
25 silly audit   escalade: [ '3.2.0' ],
25 silly audit   'fast-glob': [ '3.3.3' ],
25 silly audit   fastq: [ '1.20.1' ],
25 silly audit   'fill-range': [ '7.1.1' ],
25 silly audit   'fraction.js': [ '5.3.4' ],
25 silly audit   'framer-motion': [ '12.38.0' ],
25 silly audit   fsevents: [ '2.3.3' ],
25 silly audit   'function-bind': [ '1.1.2' ],
25 silly audit   gensync: [ '1.0.0-beta.2' ],
25 silly audit   hasown: [ '2.0.2' ],
25 silly audit   'is-binary-path': [ '2.1.0' ],
25 silly audit   'is-core-module': [ '2.16.1' ],
25 silly audit   'is-extglob': [ '2.1.1' ],
25 silly audit   'is-glob': [ '4.0.3' ],
25 silly audit   'is-number': [ '7.0.0' ],
25 silly audit   jiti: [ '1.21.7' ],
25 silly audit   'js-tokens': [ '4.0.0' ],
25 silly audit   jsesc: [ '3.1.0' ],
25 silly audit   json5: [ '2.2.3' ],
25 silly audit   lilconfig: [ '3.1.3' ],
25 silly audit   'lines-and-columns': [ '1.2.4' ],
25 silly audit   'lru-cache': [ '5.1.1' ],
25 silly audit   merge2: [ '1.4.1' ],
25 silly audit   micromatch: [ '4.0.8' ],
25 silly audit   'motion-dom': [ '12.38.0' ],
25 silly audit   'motion-utils': [ '12.36.0' ],
25 silly audit   ms: [ '2.1.3' ],
25 silly audit   mz: [ '2.7.0' ],
25 silly audit   nanoid: [ '3.3.11' ],
25 silly audit   'node-releases': [ '2.0.36' ],
25 silly audit   'normalize-path': [ '3.0.0' ],
25 silly audit   'object-assign': [ '4.1.1' ],
25 silly audit   'object-hash': [ '3.0.0' ],
25 silly audit   'path-parse': [ '1.0.7' ],
25 silly audit   picocolors: [ '1.1.1' ],
25 silly audit   picomatch: [ '2.3.1', '4.0.3' ],
25 silly audit   pify: [ '2.3.0' ],
25 silly audit   pirates: [ '4.0.7' ],
25 silly audit   postcss: [ '8.5.8' ],
25 silly audit   'postcss-import': [ '15.1.0' ],
25 silly audit   'postcss-js': [ '4.1.0' ],
25 silly audit   'postcss-load-config': [ '6.0.1' ],
25 silly audit   'postcss-nested': [ '6.2.0' ],
25 silly audit   'postcss-selector-parser': [ '6.1.2' ],
25 silly audit   'postcss-value-parser': [ '4.2.0' ],
25 silly audit   'queue-microtask': [ '1.2.3' ],
25 silly audit   react: [ '19.2.4' ],
25 silly audit   'react-dom': [ '19.2.4' ],
25 silly audit   'react-refresh': [ '0.18.0' ],
25 silly audit   'read-cache': [ '1.0.0' ],
25 silly audit   readdirp: [ '3.6.0' ],
25 silly audit   resolve: [ '1.22.11' ],
25 silly audit   reusify: [ '1.1.0' ],
25 silly audit   rollup: [ '4.60.0' ],
25 silly audit   'run-parallel': [ '1.2.0' ],
25 silly audit   scheduler: [ '0.27.0' ],
25 silly audit   semver: [ '6.3.1' ],
25 silly audit   'source-map-js': [ '1.2.1' ],
25 silly audit   sucrase: [ '3.35.1' ],
25 silly audit   'supports-preserve-symlinks-flag': [ '1.0.0' ],
25 silly audit   tailwindcss: [ '3.4.19' ],
25 silly audit   thenify: [ '3.3.1' ],
25 silly audit   'thenify-all': [ '1.6.0' ],
25 silly audit   tinyglobby: [ '0.2.15' ],
25 silly audit   fdir: [ '6.5.0' ],
25 silly audit   'to-regex-range': [ '5.0.1' ],
25 silly audit   'ts-interface-checker': [ '0.1.13' ],
25 silly audit   tslib: [ '2.8.1' ],
25 silly audit   typescript: [ '5.8.3' ],
25 silly audit   'update-browserslist-db': [ '1.2.3' ],
25 silly audit   'util-deprecate': [ '1.0.2' ],
25 silly audit   vite: [ '7.3.1' ],
25 silly audit   yallist: [ '3.1.1' ],
25 silly audit   zustand: [ '5.0.12' ],
25 silly audit   '@types/node': [ '24.12.0' ],
25 silly audit   'undici-types': [ '7.16.0' ]
25 silly audit }
26 verbose reify failed optional dependency C:\xampp\htdocs\Montanha de Aço\node_modules\fsevents
27 silly reify mark deleted [ 'C:\\xampp\\htdocs\\Montanha de Aço\\node_modules\\fsevents' ]
28 verbose reify failed optional dependency C:\xampp\htdocs\Montanha de Aço\node_modules\@rollup\rollup-win32-ia32-msvc
29 silly reify mark deleted [
29 silly reify   'C:\\xampp\\htdocs\\Montanha de Aço\\node_modules\\@rollup\\rollup-win32-ia32-msvc'
29 silly reify ]
30 verbose reify failed optional dependency C:\xampp\htdocs\Montanha de Aço\node_modules\@rollup\rollup-win32-arm64-msvc
31 silly reify mark deleted [
31 silly reify   'C:\\xampp\\htdocs\\Montanha de Aço\\node_modules\\@rollup\\rollup-win32-arm64-msvc'
31 silly reify ]
32 verbose reify failed optional dependency C:\xampp\htdocs\Montanha de Aço\node_modules\@rollup\rollup-openharmony-arm64
33 silly reify mark deleted [
33 silly reify   'C:\\xampp\\htdocs\\Montanha de Aço\\node_modules\\@rollup\\rollup-openharmony-arm64'
33 silly reify ]
34 verbose reify failed optional dependency C:\xampp\htdocs\Montanha de Aço\node_modules\@rollup\rollup-openbsd-x64
35 silly reify mark deleted [
35 silly reify   'C:\\xampp\\htdocs\\Montanha de Aço\\node_modules\\@rollup\\rollup-openbsd-x64'
35 silly reify ]
36 verbose reify failed optional dependency C:\xampp\htdocs\Montanha de Aço\node_modules\@rollup\rollup-linux-x64-musl
37 silly reify mark deleted [
37 silly reify   'C:\\xampp\\htdocs\\Montanha de Aço\\node_modules\\@rollup\\rollup-linux-x64-musl'
37 silly reify ]
38 verbose reify failed optional dependency C:\xampp\htdocs\Montanha de Aço\node_modules\@rollup\rollup-linux-x64-gnu
39 silly reify mark deleted [
39 silly reify   'C:\\xampp\\htdocs\\Montanha de Aço\\node_modules\\@rollup\\rollup-linux-x64-gnu'
39 silly reify ]
40 verbose reify failed optional dependency C:\xampp\htdocs\Montanha de Aço\node_modules\@rollup\rollup-linux-s390x-gnu
41 silly reify mark deleted [
41 silly reify   'C:\\xampp\\htdocs\\Montanha de Aço\\node_modules\\@rollup\\rollup-linux-s390x-gnu'
41 silly reify ]
42 verbose reify failed optional dependency C:\xampp\htdocs\Montanha de Aço\node_modules\@rollup\rollup-linux-riscv64-musl
43 silly reify mark deleted [
43 silly reify   'C:\\xampp\\htdocs\\Montanha de Aço\\node_modules\\@rollup\\rollup-linux-riscv64-musl'
43 silly reify ]
44 verbose reify failed optional dependency C:\xampp\htdocs\Montanha de Aço\node_modules\@rollup\rollup-linux-riscv64-gnu
45 silly reify mark deleted [
45 silly reify   'C:\\xampp\\htdocs\\Montanha de Aço\\node_modules\\@rollup\\rollup-linux-riscv64-gnu'
45 silly reify ]
46 verbose reify failed optional dependency C:\xampp\htdocs\Montanha de Aço\node_modules\@rollup\rollup-linux-ppc64-musl
47 silly reify mark deleted [
47 silly reify   'C:\\xampp\\htdocs\\Montanha de Aço\\node_modules\\@rollup\\rollup-linux-ppc64-musl'
47 silly reify ]
48 verbose reify failed optional dependency C:\xampp\htdocs\Montanha de Aço\node_modules\@rollup\rollup-linux-ppc64-gnu
49 silly reify mark deleted [
49 silly reify   'C:\\xampp\\htdocs\\Montanha de Aço\\node_modules\\@rollup\\rollup-linux-ppc64-gnu'
49 silly reify ]
50 verbose reify failed optional dependency C:\xampp\htdocs\Montanha de Aço\node_modules\@rollup\rollup-linux-loong64-musl
51 silly reify mark deleted [
51 silly reify   'C:\\xampp\\htdocs\\Montanha de Aço\\node_modules\\@rollup\\rollup-linux-loong64-musl'
51 silly reify ]
52 verbose reify failed optional dependency C:\xampp\htdocs\Montanha de Aço\node_modules\@rollup\rollup-linux-loong64-gnu
53 silly reify mark deleted [
53 silly reify   'C:\\xampp\\htdocs\\Montanha de Aço\\node_modules\\@rollup\\rollup-linux-loong64-gnu'
53 silly reify ]
54 verbose reify failed optional dependency C:\xampp\htdocs\Montanha de Aço\node_modules\@rollup\rollup-linux-arm64-musl
55 silly reify mark deleted [
55 silly reify   'C:\\xampp\\htdocs\\Montanha de Aço\\node_modules\\@rollup\\rollup-linux-arm64-musl'
55 silly reify ]
56 verbose reify failed optional dependency C:\xampp\htdocs\Montanha de Aço\node_modules\@rollup\rollup-linux-arm64-gnu
57 silly reify mark deleted [
57 silly reify   'C:\\xampp\\htdocs\\Montanha de Aço\\node_modules\\@rollup\\rollup-linux-arm64-gnu'
57 silly reify ]
58 verbose reify failed optional dependency C:\xampp\htdocs\Montanha de Aço\node_modules\@rollup\rollup-linux-arm-musleabihf
59 silly reify mark deleted [
59 silly reify   'C:\\xampp\\htdocs\\Montanha de Aço\\node_modules\\@rollup\\rollup-linux-arm-musleabihf'
59 silly reify ]
60 verbose reify failed optional dependency C:\xampp\htdocs\Montanha de Aço\node_modules\@rollup\rollup-linux-arm-gnueabihf
61 silly reify mark deleted [
61 silly reify   'C:\\xampp\\htdocs\\Montanha de Aço\\node_modules\\@rollup\\rollup-linux-arm-gnueabihf'
61 silly reify ]
62 verbose reify failed optional dependency C:\xampp\htdocs\Montanha de Aço\node_modules\@rollup\rollup-freebsd-x64
63 silly reify mark deleted [
63 silly reify   'C:\\xampp\\htdocs\\Montanha de Aço\\node_modules\\@rollup\\rollup-freebsd-x64'
63 silly reify ]
64 verbose reify failed optional dependency C:\xampp\htdocs\Montanha de Aço\node_modules\@rollup\rollup-freebsd-arm64
65 silly reify mark deleted [
65 silly reify   'C:\\xampp\\htdocs\\Montanha de Aço\\node_modules\\@rollup\\rollup-freebsd-arm64'
65 silly reify ]
66 verbose reify failed optional dependency C:\xampp\htdocs\Montanha de Aço\node_modules\@rollup\rollup-darwin-x64
67 silly reify mark deleted [
67 silly reify   'C:\\xampp\\htdocs\\Montanha de Aço\\node_modules\\@rollup\\rollup-darwin-x64'
67 silly reify ]
68 verbose reify failed optional dependency C:\xampp\htdocs\Montanha de Aço\node_modules\@rollup\rollup-darwin-arm64
69 silly reify mark deleted [
69 silly reify   'C:\\xampp\\htdocs\\Montanha de Aço\\node_modules\\@rollup\\rollup-darwin-arm64'
69 silly reify ]
70 verbose reify failed optional dependency C:\xampp\htdocs\Montanha de Aço\node_modules\@rollup\rollup-android-arm64
71 silly reify mark deleted [
71 silly reify   'C:\\xampp\\htdocs\\Montanha de Aço\\node_modules\\@rollup\\rollup-android-arm64'
71 silly reify ]
72 verbose reify failed optional dependency C:\xampp\htdocs\Montanha de Aço\node_modules\@rollup\rollup-android-arm-eabi
73 silly reify mark deleted [
73 silly reify   'C:\\xampp\\htdocs\\Montanha de Aço\\node_modules\\@rollup\\rollup-android-arm-eabi'
73 silly reify ]
74 verbose reify failed optional dependency C:\xampp\htdocs\Montanha de Aço\node_modules\@esbuild\win32-ia32
75 silly reify mark deleted [
75 silly reify   'C:\\xampp\\htdocs\\Montanha de Aço\\node_modules\\@esbuild\\win32-ia32'
75 silly reify ]
76 verbose reify failed optional dependency C:\xampp\htdocs\Montanha de Aço\node_modules\@esbuild\win32-arm64
77 silly reify mark deleted [
77 silly reify   'C:\\xampp\\htdocs\\Montanha de Aço\\node_modules\\@esbuild\\win32-arm64'
77 silly reify ]
78 verbose reify failed optional dependency C:\xampp\htdocs\Montanha de Aço\node_modules\@esbuild\sunos-x64
79 silly reify mark deleted [
79 silly reify   'C:\\xampp\\htdocs\\Montanha de Aço\\node_modules\\@esbuild\\sunos-x64'
79 silly reify ]
80 verbose reify failed optional dependency C:\xampp\htdocs\Montanha de Aço\node_modules\@esbuild\openharmony-arm64
81 silly reify mark deleted [
81 silly reify   'C:\\xampp\\htdocs\\Montanha de Aço\\node_modules\\@esbuild\\openharmony-arm64'
81 silly reify ]
82 verbose reify failed optional dependency C:\xampp\htdocs\Montanha de Aço\node_modules\@esbuild\openbsd-x64
83 silly reify mark deleted [
83 silly reify   'C:\\xampp\\htdocs\\Montanha de Aço\\node_modules\\@esbuild\\openbsd-x64'
83 silly reify ]
84 verbose reify failed optional dependency C:\xampp\htdocs\Montanha de Aço\node_modules\@esbuild\openbsd-arm64
85 silly reify mark deleted [
85 silly reify   'C:\\xampp\\htdocs\\Montanha de Aço\\node_modules\\@esbuild\\openbsd-arm64'
85 silly reify ]
86 verbose reify failed optional dependency C:\xampp\htdocs\Montanha de Aço\node_modules\@esbuild\netbsd-x64
87 silly reify mark deleted [
87 silly reify   'C:\\xampp\\htdocs\\Montanha de Aço\\node_modules\\@esbuild\\netbsd-x64'
87 silly reify ]
88 verbose reify failed optional dependency C:\xampp\htdocs\Montanha de Aço\node_modules\@esbuild\netbsd-arm64
89 silly reify mark deleted [
89 silly reify   'C:\\xampp\\htdocs\\Montanha de Aço\\node_modules\\@esbuild\\netbsd-arm64'
89 silly reify ]
90 verbose reify failed optional dependency C:\xampp\htdocs\Montanha de Aço\node_modules\@esbuild\linux-x64
91 silly reify mark deleted [
91 silly reify   'C:\\xampp\\htdocs\\Montanha de Aço\\node_modules\\@esbuild\\linux-x64'
91 silly reify ]
92 verbose reify failed optional dependency C:\xampp\htdocs\Montanha de Aço\node_modules\@esbuild\linux-s390x
93 silly reify mark deleted [
93 silly reify   'C:\\xampp\\htdocs\\Montanha de Aço\\node_modules\\@esbuild\\linux-s390x'
93 silly reify ]
94 verbose reify failed optional dependency C:\xampp\htdocs\Montanha de Aço\node_modules\@esbuild\linux-riscv64
95 silly reify mark deleted [
95 silly reify   'C:\\xampp\\htdocs\\Montanha de Aço\\node_modules\\@esbuild\\linux-riscv64'
95 silly reify ]
96 verbose reify failed optional dependency C:\xampp\htdocs\Montanha de Aço\node_modules\@esbuild\linux-ppc64
97 silly reify mark deleted [
97 silly reify   'C:\\xampp\\htdocs\\Montanha de Aço\\node_modules\\@esbuild\\linux-ppc64'
97 silly reify ]
98 verbose reify failed optional dependency C:\xampp\htdocs\Montanha de Aço\node_modules\@esbuild\linux-mips64el
99 silly reify mark deleted [
99 silly reify   'C:\\xampp\\htdocs\\Montanha de Aço\\node_modules\\@esbuild\\linux-mips64el'
99 silly reify ]
100 verbose reify failed optional dependency C:\xampp\htdocs\Montanha de Aço\node_modules\@esbuild\linux-loong64
101 silly reify mark deleted [
101 silly reify   'C:\\xampp\\htdocs\\Montanha de Aço\\node_modules\\@esbuild\\linux-loong64'
101 silly reify ]
102 verbose reify failed optional dependency C:\xampp\htdocs\Montanha de Aço\node_modules\@esbuild\linux-ia32
103 silly reify mark deleted [
103 silly reify   'C:\\xampp\\htdocs\\Montanha de Aço\\node_modules\\@esbuild\\linux-ia32'
103 silly reify ]
104 verbose reify failed optional dependency C:\xampp\htdocs\Montanha de Aço\node_modules\@esbuild\linux-arm64
105 silly reify mark deleted [
105 silly reify   'C:\\xampp\\htdocs\\Montanha de Aço\\node_modules\\@esbuild\\linux-arm64'
105 silly reify ]
106 verbose reify failed optional dependency C:\xampp\htdocs\Montanha de Aço\node_modules\@esbuild\linux-arm
107 silly reify mark deleted [
107 silly reify   'C:\\xampp\\htdocs\\Montanha de Aço\\node_modules\\@esbuild\\linux-arm'
107 silly reify ]
108 verbose reify failed optional dependency C:\xampp\htdocs\Montanha de Aço\node_modules\@esbuild\freebsd-x64
109 silly reify mark deleted [
109 silly reify   'C:\\xampp\\htdocs\\Montanha de Aço\\node_modules\\@esbuild\\freebsd-x64'
109 silly reify ]
110 verbose reify failed optional dependency C:\xampp\htdocs\Montanha de Aço\node_modules\@esbuild\freebsd-arm64
111 silly reify mark deleted [
111 silly reify   'C:\\xampp\\htdocs\\Montanha de Aço\\node_modules\\@esbuild\\freebsd-arm64'
111 silly reify ]
112 verbose reify failed optional dependency C:\xampp\htdocs\Montanha de Aço\node_modules\@esbuild\darwin-x64
113 silly reify mark deleted [
113 silly reify   'C:\\xampp\\htdocs\\Montanha de Aço\\node_modules\\@esbuild\\darwin-x64'
113 silly reify ]
114 verbose reify failed optional dependency C:\xampp\htdocs\Montanha de Aço\node_modules\@esbuild\darwin-arm64
115 silly reify mark deleted [
115 silly reify   'C:\\xampp\\htdocs\\Montanha de Aço\\node_modules\\@esbuild\\darwin-arm64'
115 silly reify ]
116 verbose reify failed optional dependency C:\xampp\htdocs\Montanha de Aço\node_modules\@esbuild\android-x64
117 silly reify mark deleted [
117 silly reify   'C:\\xampp\\htdocs\\Montanha de Aço\\node_modules\\@esbuild\\android-x64'
117 silly reify ]
118 verbose reify failed optional dependency C:\xampp\htdocs\Montanha de Aço\node_modules\@esbuild\android-arm64
119 silly reify mark deleted [
119 silly reify   'C:\\xampp\\htdocs\\Montanha de Aço\\node_modules\\@esbuild\\android-arm64'
119 silly reify ]
120 verbose reify failed optional dependency C:\xampp\htdocs\Montanha de Aço\node_modules\@esbuild\android-arm
121 silly reify mark deleted [
121 silly reify   'C:\\xampp\\htdocs\\Montanha de Aço\\node_modules\\@esbuild\\android-arm'
121 silly reify ]
122 verbose reify failed optional dependency C:\xampp\htdocs\Montanha de Aço\node_modules\@esbuild\aix-ppc64
123 silly reify mark deleted [
123 silly reify   'C:\\xampp\\htdocs\\Montanha de Aço\\node_modules\\@esbuild\\aix-ppc64'
123 silly reify ]
124 http cache @types/node@https://registry.npmjs.org/@types/node/-/node-24.12.0.tgz 1ms (cache hit)
125 http cache undici-types@https://registry.npmjs.org/undici-types/-/undici-types-7.16.0.tgz 0ms (cache hit)
126 silly tarball no local data for @types/node@https://registry.npmjs.org/@types/node/-/node-24.12.0.tgz. Extracting by manifest.
127 silly tarball no local data for undici-types@https://registry.npmjs.org/undici-types/-/undici-types-7.16.0.tgz. Extracting by manifest.
128 http fetch GET 200 https://registry.npmjs.org/undici-types/-/undici-types-7.16.0.tgz 195ms (cache miss)
129 http fetch POST 200 https://registry.npmjs.org/-/npm/v1/security/advisories/bulk 220ms
130 silly audit report {}
131 http fetch GET 200 https://registry.npmjs.org/@types/node/-/node-24.12.0.tgz 329ms (cache miss)
132 silly ADD node_modules/undici-types
133 silly ADD node_modules/@types/node
134 silly ADD
135 silly ADD
136 silly ADD
137 silly ADD
138 silly ADD
139 silly ADD
140 silly ADD
141 silly ADD
142 silly ADD
143 silly ADD
144 silly ADD
145 silly ADD
146 silly ADD
147 silly ADD
148 silly ADD
149 silly ADD
150 silly ADD
151 silly ADD
152 silly ADD
153 silly ADD
154 silly ADD
155 silly ADD
156 silly ADD
157 silly ADD
158 silly ADD
159 silly ADD
160 silly ADD
161 silly ADD
162 silly ADD
163 silly ADD
164 silly ADD
165 silly ADD
166 silly ADD
167 silly ADD
168 silly ADD
169 silly ADD
170 silly ADD
171 silly ADD
172 silly ADD
173 silly ADD
174 silly ADD
175 silly ADD
176 silly ADD
177 silly ADD
178 silly ADD
179 silly ADD
180 silly ADD
181 silly ADD
182 silly ADD
183 verbose cwd C:\xampp\htdocs\Montanha de Aço
184 verbose os Windows_NT 10.0.26100
185 verbose node v22.21.1
186 verbose npm  v10.9.4
187 verbose exit 0
188 info ok
